<?xml version="1.0" encoding="UTF-8"?>
<!-- Generated by org.testng.reporters.JUnitReportReporter -->
<testsuite hostname="PC_1" failures="0" tests="1" name="test.Day_2" time="0.000" errors="0" timestamp="2023-05-30T15:25:36 CEST" skipped="0">
  <testcase classname="test.Day_2" name="demo" time="0.000"/>
  <system-out/>
</testsuite> <!-- test.Day_2 -->
