<?xml version="1.0" encoding="UTF-8"?>
<!-- Generated by org.testng.reporters.JUnitReportReporter -->
<testsuite hostname="PC_1" failures="0" tests="2" name="test.Day_1" time="0.007" errors="0" timestamp="2023-05-30T15:25:36 CEST" skipped="0">
  <testcase classname="test.Day_1" name="firstTest" time="0.006"/>
  <system-out/>
  <testcase classname="test.Day_1" name="secondTest" time="0.001"/>
  <system-out/>
</testsuite> <!-- test.Day_1 -->
