<?xml version="1.0" encoding="UTF-8"?>
<!-- Generated by org.testng.reporters.JUnitReportReporter -->
<testsuite hostname="PC_1" failures="0" tests="5" name="test.Day_3" time="0.010" errors="0" timestamp="2023-06-02T06:31:59 CEST" skipped="0">
  <testcase classname="test.Day_3" name="MobileLogin_1_carLoan" time="0.003"/>
  <system-out/>
  <testcase classname="test.Day_3" name="APILogin_carLoan" time="0.001"/>
  <system-out/>
  <testcase classname="test.Day_3" name="webLogin_carLoan" time="0.001"/>
  <system-out/>
  <testcase classname="test.Day_3" name="MobileLogin_2_carLoan" time="0.003"/>
  <system-out/>
  <testcase classname="test.Day_3" name="MobileLogin_3_carLoan" time="0.002"/>
  <system-out/>
</testsuite> <!-- test.Day_3 -->
