<?xml version="1.0" encoding="UTF-8"?>
<!-- Generated by org.testng.reporters.JUnitReportReporter -->
<testsuite hostname="PC_1" failures="0" tests="2" name="test.Day_1" time="0.008" errors="0" timestamp="2023-06-02T06:31:59 CEST" skipped="0">
  <testcase classname="test.Day_1" name="Demo" time="0.007"/>
  <system-out/>
  <testcase classname="test.Day_1" name="secondTest" time="0.001"/>
  <system-out/>
</testsuite> <!-- test.Day_1 -->
